<?xml version="1.0" encoding="UTF-8"?>
<!-- Generated by org.testng.reporters.JUnitReportReporter -->
<testsuite hostname="Izzets-MacBook-Pro.local" failures="0" tests="2" name="runners.MainRunner" time="15.232" errors="0" timestamp="2023-08-01T15:38:59 CEST" skipped="0">
  <testcase classname="runners.MainRunner" name="runScenario" time="7.110"/>
  <system-out/>
  <testcase classname="runners.MainRunner" name="runScenario" time="8.122"/>
  <system-out/>
</testsuite> <!-- runners.MainRunner -->
